[2017-07-24 14:49:54] INFO: /home/ansible/s11t-bd-spring/action/spring.py:31 parse yaml file success.
[2017-07-24 14:49:57] INFO: /home/ansible/s11t-bd-spring/action/spring.py:481 hg pull --rev devBankBusiness success.
[2017-07-24 14:49:58] INFO: /home/ansible/s11t-bd-spring/action/spring.py:489 hg update --clean --rev devBankBusiness success.
[2017-07-24 14:49:59] INFO: /home/ansible/s11t-bd-spring/action/spring.py:497 hg update devBankBusiness success.
[2017-07-24 14:49:59] INFO: /home/ansible/s11t-bd-spring/action/spring.py:505 hg purge success.
[2017-07-24 14:50:00] INFO: /home/ansible/s11t-bd-spring/action/spring.py:31 parse yaml file success.
[2017-07-24 14:50:00] INFO: /home/ansible/s11t-bd-spring/action/spring.py:452 inpsect version.txt file success.
[2017-07-24 14:50:00] INFO: /home/ansible/s11t-bd-spring/action/spring.py:461 inpsect manifest.txt file success.
[2017-07-24 14:50:01] INFO: /home/ansible/s11t-bd-spring/action/spring.py:31 parse yaml file success.
[2017-07-24 14:50:01] INFO: /home/ansible/s11t-bd-spring/action/spring.py:427 parents manifest file success.
[2017-07-24 14:50:02] INFO: /home/ansible/s11t-bd-spring/action/spring.py:434 diff manifest.txt file success.
[2017-07-24 14:50:02] INFO: /home/ansible/s11t-bd-spring/action/spring.py:31 parse yaml file success.
[2017-07-24 14:51:04] INFO: /home/ansible/s11t-bd-spring/action/spring.py:402 mvn -U -f pom.xml clean package -P beta -Dmaven.test.skip=true success.
[2017-07-24 14:51:05] INFO: /home/ansible/s11t-bd-spring/action/spring.py:410 delete manifest.txt file success.
[2017-07-24 14:51:05] INFO: /home/ansible/s11t-bd-spring/action/spring.py:31 parse yaml file success.
[2017-07-24 14:51:05] ERROR: /home/ansible/s11t-bd-spring/action/spring.py:379 sudo rsync -qzrtopg --port=873 --delete --password-file=/home/ansible/s11t-bd-spring/conf/pp100web.passwd webuser@192.168.6.22::pp100web-default /rsync/elc/ failed.
[2017-07-24 18:07:20] INFO: /home/ansible/s11t-bd-spring/action/spring.py:31 parse yaml file success.
[2017-07-24 18:07:22] INFO: /home/ansible/s11t-bd-spring/action/spring.py:481 hg pull --rev devBankBusiness success.
[2017-07-24 18:07:22] INFO: /home/ansible/s11t-bd-spring/action/spring.py:489 hg update --clean --rev devBankBusiness success.
[2017-07-24 18:07:22] INFO: /home/ansible/s11t-bd-spring/action/spring.py:497 hg update devBankBusiness success.
[2017-07-24 18:07:23] INFO: /home/ansible/s11t-bd-spring/action/spring.py:505 hg purge success.
[2017-07-24 18:07:23] INFO: /home/ansible/s11t-bd-spring/action/spring.py:31 parse yaml file success.
[2017-07-24 18:07:24] INFO: /home/ansible/s11t-bd-spring/action/spring.py:452 inpsect version.txt file success.
[2017-07-24 18:07:24] INFO: /home/ansible/s11t-bd-spring/action/spring.py:461 inpsect manifest.txt file success.
[2017-07-24 18:07:24] INFO: /home/ansible/s11t-bd-spring/action/spring.py:31 parse yaml file success.
[2017-07-24 18:07:25] INFO: /home/ansible/s11t-bd-spring/action/spring.py:427 parents manifest file success.
[2017-07-24 18:07:25] INFO: /home/ansible/s11t-bd-spring/action/spring.py:434 diff manifest.txt file success.
[2017-07-24 18:07:26] INFO: /home/ansible/s11t-bd-spring/action/spring.py:31 parse yaml file success.
[2017-07-24 18:08:06] INFO: /home/ansible/s11t-bd-spring/action/spring.py:402 mvn -U -f pom.xml clean package -P beta -Dmaven.test.skip=true success.
[2017-07-24 18:08:06] INFO: /home/ansible/s11t-bd-spring/action/spring.py:410 delete manifest.txt file success.
[2017-07-24 18:08:06] INFO: /home/ansible/s11t-bd-spring/action/spring.py:31 parse yaml file success.
[2017-07-24 18:08:06] ERROR: /home/ansible/s11t-bd-spring/action/spring.py:379 sudo rsync -qzrtopg --port=873 --delete --password-file=/home/ansible/s11t-bd-spring/conf/pp100web.passwd webuser@192.168.6.22::pp100web-default /rsync/elc/ failed.
[2017-08-23 11:34:58] INFO: /home/ansible/s11t-bd-spring/action/spring.py:31 parse yaml file success.
[2017-08-23 11:34:59] INFO: /home/ansible/s11t-bd-spring/action/spring.py:321 stop tomcat success.
[2017-08-23 11:35:00] INFO: /home/ansible/s11t-bd-spring/action/spring.py:31 parse yaml file success.
[2017-08-23 11:35:00] INFO: /home/ansible/s11t-bd-spring/action/spring.py:62 start tomcat success.
[2017-08-29 14:01:02] INFO: /home/ansible/s11t-bd-spring/action/spring.py:31 parse yaml file success.
[2017-08-29 14:01:03] INFO: /home/ansible/s11t-bd-spring/action/spring.py:321 stop tomcat success.
[2017-08-29 14:01:03] INFO: /home/ansible/s11t-bd-spring/action/spring.py:31 parse yaml file success.
[2017-08-29 14:01:04] INFO: /home/ansible/s11t-bd-spring/action/spring.py:62 start tomcat success.
[2017-08-29 18:04:43] INFO: /home/ansible/s11t-bd-spring/action/spring.py:31 parse yaml file success.
[2017-08-29 18:04:44] INFO: /home/ansible/s11t-bd-spring/action/spring.py:321 stop tomcat success.
[2017-08-29 18:04:45] INFO: /home/ansible/s11t-bd-spring/action/spring.py:31 parse yaml file success.
[2017-08-29 18:04:45] INFO: /home/ansible/s11t-bd-spring/action/spring.py:62 start tomcat success.
[2017-09-04 16:41:13] INFO: /home/ansible/s11t-bd-spring/action/spring.py:31 parse yaml file success.
[2017-09-04 16:41:14] INFO: /home/ansible/s11t-bd-spring/action/spring.py:321 stop tomcat success.
[2017-09-04 16:41:15] INFO: /home/ansible/s11t-bd-spring/action/spring.py:31 parse yaml file success.
[2017-09-04 16:41:15] INFO: /home/ansible/s11t-bd-spring/action/spring.py:62 start tomcat success.
[2017-09-06 11:15:40] INFO: /home/ansible/s11t-bd-spring/action/spring.py:31 parse yaml file success.
[2017-09-06 11:15:40] INFO: /home/ansible/s11t-bd-spring/action/spring.py:321 stop tomcat success.
[2017-09-06 11:15:41] INFO: /home/ansible/s11t-bd-spring/action/spring.py:31 parse yaml file success.
[2017-09-06 11:15:42] INFO: /home/ansible/s11t-bd-spring/action/spring.py:62 start tomcat success.
[2017-09-06 11:15:49] INFO: /home/ansible/s11t-bd-spring/action/spring.py:31 parse yaml file success.
[2017-09-06 11:15:50] INFO: /home/ansible/s11t-bd-spring/action/spring.py:321 stop tomcat success.
[2017-09-06 11:15:51] INFO: /home/ansible/s11t-bd-spring/action/spring.py:31 parse yaml file success.
[2017-09-06 11:15:51] INFO: /home/ansible/s11t-bd-spring/action/spring.py:62 start tomcat success.
[2017-09-08 17:58:58] INFO: /home/ansible/s11t-bd-spring/action/spring.py:31 parse yaml file success.
[2017-09-08 17:58:59] INFO: /home/ansible/s11t-bd-spring/action/spring.py:321 stop tomcat success.
[2017-09-08 17:59:00] INFO: /home/ansible/s11t-bd-spring/action/spring.py:31 parse yaml file success.
[2017-09-08 17:59:00] INFO: /home/ansible/s11t-bd-spring/action/spring.py:62 start tomcat success.
[2017-09-11 18:31:36] INFO: /home/ansible/s11t-bd-spring/action/spring.py:31 parse yaml file success.
[2017-09-11 18:31:37] INFO: /home/ansible/s11t-bd-spring/action/spring.py:321 stop tomcat success.
[2017-09-11 18:31:38] INFO: /home/ansible/s11t-bd-spring/action/spring.py:31 parse yaml file success.
[2017-09-11 18:31:38] INFO: /home/ansible/s11t-bd-spring/action/spring.py:62 start tomcat success.
[2017-09-14 16:37:03] INFO: /home/ansible/s11t-bd-spring/action/spring.py:31 parse yaml file success.
[2017-09-14 16:37:03] INFO: /home/ansible/s11t-bd-spring/action/spring.py:321 stop tomcat success.
[2017-09-14 16:37:04] INFO: /home/ansible/s11t-bd-spring/action/spring.py:31 parse yaml file success.
[2017-09-14 16:37:04] INFO: /home/ansible/s11t-bd-spring/action/spring.py:62 start tomcat success.
[2017-09-14 18:05:48] INFO: /home/ansible/s11t-bd-spring/action/spring.py:31 parse yaml file success.
[2017-09-14 18:05:49] INFO: /home/ansible/s11t-bd-spring/action/spring.py:321 stop tomcat success.
[2017-09-14 18:05:49] INFO: /home/ansible/s11t-bd-spring/action/spring.py:31 parse yaml file success.
[2017-09-14 18:05:50] INFO: /home/ansible/s11t-bd-spring/action/spring.py:62 start tomcat success.
[2017-09-15 09:50:05] INFO: /home/ansible/s11t-bd-spring/action/spring.py:31 parse yaml file success.
[2017-09-15 09:50:06] INFO: /home/ansible/s11t-bd-spring/action/spring.py:321 stop tomcat success.
[2017-09-15 09:50:06] INFO: /home/ansible/s11t-bd-spring/action/spring.py:31 parse yaml file success.
[2017-09-15 09:50:07] INFO: /home/ansible/s11t-bd-spring/action/spring.py:62 start tomcat success.
[2017-09-15 16:10:37] INFO: /home/ansible/s11t-bd-spring/action/spring.py:31 parse yaml file success.
[2017-09-15 16:10:37] INFO: /home/ansible/s11t-bd-spring/action/spring.py:321 stop tomcat success.
[2017-09-15 16:10:38] INFO: /home/ansible/s11t-bd-spring/action/spring.py:31 parse yaml file success.
[2017-09-15 16:10:39] INFO: /home/ansible/s11t-bd-spring/action/spring.py:62 start tomcat success.
[2017-09-18 16:45:53] INFO: /home/ansible/s11t-bd-spring/action/spring.py:31 parse yaml file success.
[2017-09-18 16:45:54] INFO: /home/ansible/s11t-bd-spring/action/spring.py:321 stop tomcat success.
[2017-09-18 16:45:55] INFO: /home/ansible/s11t-bd-spring/action/spring.py:31 parse yaml file success.
[2017-09-18 16:45:55] INFO: /home/ansible/s11t-bd-spring/action/spring.py:62 start tomcat success.
[2017-10-23 15:02:16] INFO: /home/ansible/s11t-bd-spring/action/spring.py:31 parse yaml file success.
[2017-10-23 15:02:17] INFO: /home/ansible/s11t-bd-spring/action/spring.py:321 stop tomcat success.
[2017-10-23 15:02:18] INFO: /home/ansible/s11t-bd-spring/action/spring.py:31 parse yaml file success.
[2017-10-23 15:02:18] INFO: /home/ansible/s11t-bd-spring/action/spring.py:62 start tomcat success.
[2017-10-30 14:24:30] INFO: /home/ansible/s11t-bd-spring/action/spring.py:31 parse yaml file success.
[2017-10-30 14:24:30] WARNING: /home/ansible/s11t-bd-spring/action/spring.py:314 tomcat is not alived.
[2017-10-30 14:24:31] INFO: /home/ansible/s11t-bd-spring/action/spring.py:31 parse yaml file success.
[2017-10-30 14:24:31] INFO: /home/ansible/s11t-bd-spring/action/spring.py:62 start tomcat success.
[2017-10-30 15:10:56] INFO: /home/ansible/s11t-bd-spring/action/spring.py:31 parse yaml file success.
[2017-10-30 15:10:56] WARNING: /home/ansible/s11t-bd-spring/action/spring.py:314 tomcat is not alived.
[2017-10-30 15:10:57] INFO: /home/ansible/s11t-bd-spring/action/spring.py:31 parse yaml file success.
[2017-10-30 15:10:57] INFO: /home/ansible/s11t-bd-spring/action/spring.py:62 start tomcat success.
[2017-11-03 10:18:24] INFO: /home/ansible/s11t-bd-spring/action/spring.py:31 parse yaml file success.
[2017-11-03 10:18:25] INFO: /home/ansible/s11t-bd-spring/action/spring.py:321 stop tomcat success.
[2017-11-03 10:18:26] INFO: /home/ansible/s11t-bd-spring/action/spring.py:31 parse yaml file success.
[2017-11-03 10:18:26] INFO: /home/ansible/s11t-bd-spring/action/spring.py:62 start tomcat success.
[2017-11-08 15:18:09] INFO: /home/ansible/s11t-bd-spring/action/spring.py:31 parse yaml file success.
[2017-11-08 15:18:10] INFO: /home/ansible/s11t-bd-spring/action/spring.py:321 stop tomcat success.
[2017-11-08 15:18:10] INFO: /home/ansible/s11t-bd-spring/action/spring.py:31 parse yaml file success.
[2017-11-08 15:18:11] INFO: /home/ansible/s11t-bd-spring/action/spring.py:62 start tomcat success.
[2017-11-13 10:52:52] INFO: /home/ansible/s11t-bd-spring/action/spring.py:31 parse yaml file success.
[2017-11-13 10:52:53] INFO: /home/ansible/s11t-bd-spring/action/spring.py:321 stop tomcat success.
[2017-11-13 10:52:54] INFO: /home/ansible/s11t-bd-spring/action/spring.py:31 parse yaml file success.
[2017-11-13 10:52:54] INFO: /home/ansible/s11t-bd-spring/action/spring.py:62 start tomcat success.
[2017-11-14 15:43:10] INFO: /home/ansible/s11t-bd-spring/action/spring.py:31 parse yaml file success.
[2017-11-14 15:43:10] INFO: /home/ansible/s11t-bd-spring/action/spring.py:321 stop tomcat success.
[2017-11-14 15:43:11] INFO: /home/ansible/s11t-bd-spring/action/spring.py:31 parse yaml file success.
[2017-11-14 15:43:12] INFO: /home/ansible/s11t-bd-spring/action/spring.py:62 start tomcat success.
[2017-11-14 16:08:17] INFO: /home/ansible/s11t-bd-spring/action/spring.py:31 parse yaml file success.
[2017-11-14 16:08:18] INFO: /home/ansible/s11t-bd-spring/action/spring.py:321 stop tomcat success.
[2017-11-14 16:08:18] INFO: /home/ansible/s11t-bd-spring/action/spring.py:31 parse yaml file success.
[2017-11-14 16:08:19] INFO: /home/ansible/s11t-bd-spring/action/spring.py:62 start tomcat success.
[2017-11-14 17:09:09] INFO: /home/ansible/s11t-bd-spring/action/spring.py:31 parse yaml file success.
[2017-11-14 17:09:10] INFO: /home/ansible/s11t-bd-spring/action/spring.py:321 stop tomcat success.
[2017-11-14 17:09:10] INFO: /home/ansible/s11t-bd-spring/action/spring.py:31 parse yaml file success.
[2017-11-14 17:09:11] INFO: /home/ansible/s11t-bd-spring/action/spring.py:62 start tomcat success.
[2017-11-15 11:27:55] INFO: /home/ansible/s11t-bd-spring/action/spring.py:31 parse yaml file success.
[2017-11-15 11:27:56] INFO: /home/ansible/s11t-bd-spring/action/spring.py:321 stop tomcat success.
[2017-11-15 11:27:56] INFO: /home/ansible/s11t-bd-spring/action/spring.py:31 parse yaml file success.
[2017-11-15 11:27:57] INFO: /home/ansible/s11t-bd-spring/action/spring.py:62 start tomcat success.
[2017-11-15 15:04:24] INFO: /home/ansible/s11t-bd-spring/action/spring.py:31 parse yaml file success.
[2017-11-15 15:04:25] INFO: /home/ansible/s11t-bd-spring/action/spring.py:321 stop tomcat success.
[2017-11-15 15:04:25] INFO: /home/ansible/s11t-bd-spring/action/spring.py:31 parse yaml file success.
[2017-11-15 15:04:26] INFO: /home/ansible/s11t-bd-spring/action/spring.py:62 start tomcat success.
[2017-11-21 16:38:55] INFO: /home/ansible/s11t-bd-spring/action/spring.py:31 parse yaml file success.
[2017-11-21 16:38:56] INFO: /home/ansible/s11t-bd-spring/action/spring.py:321 stop tomcat success.
[2017-11-21 16:38:56] INFO: /home/ansible/s11t-bd-spring/action/spring.py:31 parse yaml file success.
[2017-11-21 16:38:56] INFO: /home/ansible/s11t-bd-spring/action/spring.py:62 start tomcat success.
[2017-11-21 16:46:19] INFO: /home/ansible/s11t-bd-spring/action/spring.py:31 parse yaml file success.
[2017-11-21 16:46:20] INFO: /home/ansible/s11t-bd-spring/action/spring.py:321 stop tomcat success.
[2017-11-21 16:46:20] INFO: /home/ansible/s11t-bd-spring/action/spring.py:31 parse yaml file success.
[2017-11-21 16:46:21] INFO: /home/ansible/s11t-bd-spring/action/spring.py:62 start tomcat success.
[2017-11-21 16:53:53] INFO: /home/ansible/s11t-bd-spring/action/spring.py:31 parse yaml file success.
[2017-11-21 16:53:54] INFO: /home/ansible/s11t-bd-spring/action/spring.py:321 stop tomcat success.
[2017-11-21 16:53:55] INFO: /home/ansible/s11t-bd-spring/action/spring.py:31 parse yaml file success.
[2017-11-21 16:53:55] INFO: /home/ansible/s11t-bd-spring/action/spring.py:62 start tomcat success.
[2017-11-21 17:44:48] INFO: /home/ansible/s11t-bd-spring/action/spring.py:31 parse yaml file success.
[2017-11-21 17:44:49] INFO: /home/ansible/s11t-bd-spring/action/spring.py:321 stop tomcat success.
[2017-11-21 17:44:49] INFO: /home/ansible/s11t-bd-spring/action/spring.py:31 parse yaml file success.
[2017-11-21 17:44:50] INFO: /home/ansible/s11t-bd-spring/action/spring.py:62 start tomcat success.
[2017-11-23 16:27:31] INFO: /home/ansible/s11t-bd-spring/action/spring.py:31 parse yaml file success.
[2017-11-23 16:27:31] INFO: /home/ansible/s11t-bd-spring/action/spring.py:321 stop tomcat success.
[2017-11-23 16:27:32] INFO: /home/ansible/s11t-bd-spring/action/spring.py:31 parse yaml file success.
[2017-11-23 16:27:32] INFO: /home/ansible/s11t-bd-spring/action/spring.py:62 start tomcat success.
[2017-12-06 15:16:36] INFO: /home/ansible/s11t-bd-spring/action/spring.py:31 parse yaml file success.
[2017-12-06 15:16:37] INFO: /home/ansible/s11t-bd-spring/action/spring.py:321 stop tomcat success.
[2017-12-06 15:16:37] INFO: /home/ansible/s11t-bd-spring/action/spring.py:31 parse yaml file success.
[2017-12-06 15:16:38] INFO: /home/ansible/s11t-bd-spring/action/spring.py:62 start tomcat success.
[2017-12-12 11:36:23] INFO: /home/ansible/s11t-bd-spring/action/spring.py:31 parse yaml file success.
[2017-12-12 11:36:24] INFO: /home/ansible/s11t-bd-spring/action/spring.py:321 stop tomcat success.
[2017-12-12 11:36:25] INFO: /home/ansible/s11t-bd-spring/action/spring.py:31 parse yaml file success.
[2017-12-12 11:36:25] INFO: /home/ansible/s11t-bd-spring/action/spring.py:62 start tomcat success.
[2017-12-12 11:43:19] INFO: /home/ansible/s11t-bd-spring/action/spring.py:31 parse yaml file success.
[2017-12-12 11:43:19] INFO: /home/ansible/s11t-bd-spring/action/spring.py:321 stop tomcat success.
[2017-12-12 11:43:20] INFO: /home/ansible/s11t-bd-spring/action/spring.py:31 parse yaml file success.
[2017-12-12 11:43:20] INFO: /home/ansible/s11t-bd-spring/action/spring.py:62 start tomcat success.
[2018-01-11 16:05:16] INFO: /home/ansible/s11t-bd-spring/action/spring.py:31 parse yaml file success.
[2018-01-11 16:05:17] INFO: /home/ansible/s11t-bd-spring/action/spring.py:321 stop tomcat success.
[2018-01-11 16:05:17] INFO: /home/ansible/s11t-bd-spring/action/spring.py:31 parse yaml file success.
[2018-01-11 16:05:18] INFO: /home/ansible/s11t-bd-spring/action/spring.py:62 start tomcat success.
[2018-01-11 16:06:31] INFO: /home/ansible/s11t-bd-spring/action/spring.py:31 parse yaml file success.
[2018-01-11 16:06:31] INFO: /home/ansible/s11t-bd-spring/action/spring.py:321 stop tomcat success.
[2018-01-11 16:06:32] INFO: /home/ansible/s11t-bd-spring/action/spring.py:31 parse yaml file success.
[2018-01-11 16:06:32] INFO: /home/ansible/s11t-bd-spring/action/spring.py:62 start tomcat success.
[2018-01-15 11:54:22] INFO: /home/ansible/s11t-bd-spring/action/spring.py:31 parse yaml file success.
[2018-01-15 11:54:22] INFO: /home/ansible/s11t-bd-spring/action/spring.py:321 stop tomcat success.
[2018-01-15 11:54:23] INFO: /home/ansible/s11t-bd-spring/action/spring.py:31 parse yaml file success.
[2018-01-15 11:54:23] INFO: /home/ansible/s11t-bd-spring/action/spring.py:62 start tomcat success.
[2018-01-15 14:56:44] INFO: /home/ansible/s11t-bd-spring/action/spring.py:31 parse yaml file success.
[2018-01-15 14:56:45] INFO: /home/ansible/s11t-bd-spring/action/spring.py:321 stop tomcat success.
[2018-01-15 14:56:45] INFO: /home/ansible/s11t-bd-spring/action/spring.py:31 parse yaml file success.
[2018-01-15 14:56:46] INFO: /home/ansible/s11t-bd-spring/action/spring.py:62 start tomcat success.
[2018-01-25 10:29:14] INFO: /home/ansible/s11t-bd-spring/action/spring.py:31 parse yaml file success.
[2018-01-25 10:29:15] INFO: /home/ansible/s11t-bd-spring/action/spring.py:321 stop tomcat success.
[2018-01-25 10:29:15] INFO: /home/ansible/s11t-bd-spring/action/spring.py:31 parse yaml file success.
[2018-01-25 10:29:16] INFO: /home/ansible/s11t-bd-spring/action/spring.py:62 start tomcat success.
[2018-01-25 10:30:39] INFO: /home/ansible/s11t-bd-spring/action/spring.py:31 parse yaml file success.
[2018-01-25 10:30:40] INFO: /home/ansible/s11t-bd-spring/action/spring.py:321 stop tomcat success.
[2018-01-25 10:30:40] INFO: /home/ansible/s11t-bd-spring/action/spring.py:31 parse yaml file success.
[2018-01-25 10:30:41] INFO: /home/ansible/s11t-bd-spring/action/spring.py:62 start tomcat success.
[2018-01-25 11:02:01] INFO: /home/ansible/s11t-bd-spring/action/spring.py:31 parse yaml file success.
[2018-01-25 11:02:02] WARNING: /home/ansible/s11t-bd-spring/action/spring.py:314 tomcat is not alived.
[2018-01-25 11:02:02] INFO: /home/ansible/s11t-bd-spring/action/spring.py:31 parse yaml file success.
[2018-01-25 11:02:03] INFO: /home/ansible/s11t-bd-spring/action/spring.py:62 start tomcat success.
[2018-01-25 11:02:04] INFO: /home/ansible/s11t-bd-spring/action/spring.py:31 parse yaml file success.
[2018-01-25 11:02:05] INFO: /home/ansible/s11t-bd-spring/action/spring.py:321 stop tomcat success.
[2018-01-25 11:02:06] INFO: /home/ansible/s11t-bd-spring/action/spring.py:31 parse yaml file success.
[2018-01-25 11:02:06] INFO: /home/ansible/s11t-bd-spring/action/spring.py:62 start tomcat success.
[2018-01-29 16:49:37] INFO: /home/ansible/s11t-bd-spring/action/spring.py:31 parse yaml file success.
[2018-01-29 16:49:37] INFO: /home/ansible/s11t-bd-spring/action/spring.py:321 stop tomcat success.
[2018-01-29 16:49:38] INFO: /home/ansible/s11t-bd-spring/action/spring.py:31 parse yaml file success.
[2018-01-29 16:49:38] INFO: /home/ansible/s11t-bd-spring/action/spring.py:62 start tomcat success.
[2018-01-30 16:45:36] INFO: /home/ansible/s11t-bd-spring/action/spring.py:31 parse yaml file success.
[2018-01-30 16:45:36] WARNING: /home/ansible/s11t-bd-spring/action/spring.py:314 tomcat is not alived.
[2018-01-30 16:45:37] INFO: /home/ansible/s11t-bd-spring/action/spring.py:31 parse yaml file success.
[2018-01-30 16:45:38] INFO: /home/ansible/s11t-bd-spring/action/spring.py:62 start tomcat success.
[2018-02-05 12:00:35] INFO: /home/ansible/s11t-bd-spring/action/spring.py:31 parse yaml file success.
[2018-02-05 12:00:36] INFO: /home/ansible/s11t-bd-spring/action/spring.py:321 stop tomcat success.
[2018-02-05 12:00:36] INFO: /home/ansible/s11t-bd-spring/action/spring.py:31 parse yaml file success.
[2018-02-05 12:00:37] INFO: /home/ansible/s11t-bd-spring/action/spring.py:62 start tomcat success.
[2018-02-05 14:02:04] INFO: /home/ansible/s11t-bd-spring/action/spring.py:31 parse yaml file success.
[2018-02-05 14:02:05] INFO: /home/ansible/s11t-bd-spring/action/spring.py:321 stop tomcat success.
[2018-02-05 14:02:06] INFO: /home/ansible/s11t-bd-spring/action/spring.py:31 parse yaml file success.
[2018-02-05 14:02:06] INFO: /home/ansible/s11t-bd-spring/action/spring.py:62 start tomcat success.
[2018-02-08 15:52:52] INFO: /home/ansible/s11t-bd-spring/action/spring.py:31 parse yaml file success.
[2018-02-08 15:52:53] INFO: /home/ansible/s11t-bd-spring/action/spring.py:321 stop tomcat success.
[2018-02-08 15:52:53] INFO: /home/ansible/s11t-bd-spring/action/spring.py:31 parse yaml file success.
[2018-02-08 15:52:54] INFO: /home/ansible/s11t-bd-spring/action/spring.py:62 start tomcat success.
[2018-02-08 18:06:00] INFO: /home/ansible/s11t-bd-spring/action/spring.py:31 parse yaml file success.
[2018-02-08 18:06:01] INFO: /home/ansible/s11t-bd-spring/action/spring.py:321 stop tomcat success.
[2018-02-08 18:06:01] INFO: /home/ansible/s11t-bd-spring/action/spring.py:31 parse yaml file success.
[2018-02-08 18:06:02] INFO: /home/ansible/s11t-bd-spring/action/spring.py:62 start tomcat success.
[2018-03-01 10:22:30] INFO: /home/ansible/s11t-bd-spring/action/spring.py:31 parse yaml file success.
[2018-03-01 10:22:31] WARNING: /home/ansible/s11t-bd-spring/action/spring.py:314 tomcat is not alived.
[2018-03-01 10:22:32] INFO: /home/ansible/s11t-bd-spring/action/spring.py:31 parse yaml file success.
[2018-03-01 10:22:33] INFO: /home/ansible/s11t-bd-spring/action/spring.py:62 start tomcat success.
[2018-03-02 11:24:56] INFO: /home/ansible/s11t-bd-spring/action/spring.py:31 parse yaml file success.
[2018-03-02 11:24:57] WARNING: /home/ansible/s11t-bd-spring/action/spring.py:314 tomcat is not alived.
[2018-03-02 11:24:58] INFO: /home/ansible/s11t-bd-spring/action/spring.py:31 parse yaml file success.
[2018-03-02 11:24:58] INFO: /home/ansible/s11t-bd-spring/action/spring.py:62 start tomcat success.
[2018-03-05 10:11:20] INFO: /home/ansible/s11t-bd-spring/action/spring.py:31 parse yaml file success.
[2018-03-05 10:11:21] WARNING: /home/ansible/s11t-bd-spring/action/spring.py:314 tomcat is not alived.
[2018-03-05 10:11:22] INFO: /home/ansible/s11t-bd-spring/action/spring.py:31 parse yaml file success.
[2018-03-05 10:11:23] INFO: /home/ansible/s11t-bd-spring/action/spring.py:62 start tomcat success.
[2018-03-05 10:13:01] INFO: /home/ansible/s11t-bd-spring/action/spring.py:31 parse yaml file success.
[2018-03-05 10:13:02] INFO: /home/ansible/s11t-bd-spring/action/spring.py:321 stop tomcat success.
[2018-03-05 10:13:03] INFO: /home/ansible/s11t-bd-spring/action/spring.py:31 parse yaml file success.
[2018-03-05 10:13:03] INFO: /home/ansible/s11t-bd-spring/action/spring.py:62 start tomcat success.
[2018-03-05 16:28:06] INFO: /home/ansible/s11t-bd-spring/action/spring.py:31 parse yaml file success.
[2018-03-05 16:28:07] INFO: /home/ansible/s11t-bd-spring/action/spring.py:321 stop tomcat success.
[2018-03-05 16:28:08] INFO: /home/ansible/s11t-bd-spring/action/spring.py:31 parse yaml file success.
[2018-03-05 16:28:08] INFO: /home/ansible/s11t-bd-spring/action/spring.py:62 start tomcat success.
[2018-03-06 09:50:49] INFO: /home/ansible/s11t-bd-spring/action/spring.py:31 parse yaml file success.
[2018-03-06 09:50:51] INFO: /home/ansible/s11t-bd-spring/action/spring.py:321 stop tomcat success.
[2018-03-06 09:50:52] INFO: /home/ansible/s11t-bd-spring/action/spring.py:31 parse yaml file success.
[2018-03-06 09:50:53] INFO: /home/ansible/s11t-bd-spring/action/spring.py:62 start tomcat success.
[2018-03-06 14:40:11] INFO: /home/ansible/s11t-bd-spring/action/spring.py:31 parse yaml file success.
[2018-03-06 14:40:11] INFO: /home/ansible/s11t-bd-spring/action/spring.py:321 stop tomcat success.
[2018-03-06 14:40:12] INFO: /home/ansible/s11t-bd-spring/action/spring.py:31 parse yaml file success.
[2018-03-06 14:40:12] INFO: /home/ansible/s11t-bd-spring/action/spring.py:62 start tomcat success.
[2018-03-07 09:22:35] INFO: /home/ansible/s11t-bd-spring/action/spring.py:31 parse yaml file success.
[2018-03-07 09:22:37] INFO: /home/ansible/s11t-bd-spring/action/spring.py:321 stop tomcat success.
[2018-03-07 09:22:37] INFO: /home/ansible/s11t-bd-spring/action/spring.py:31 parse yaml file success.
[2018-03-07 09:22:38] INFO: /home/ansible/s11t-bd-spring/action/spring.py:62 start tomcat success.
[2018-03-09 15:12:16] INFO: /home/ansible/s11t-bd-spring/action/spring.py:31 parse yaml file success.
[2018-03-09 15:12:17] WARNING: /home/ansible/s11t-bd-spring/action/spring.py:314 tomcat is not alived.
[2018-03-09 15:12:18] INFO: /home/ansible/s11t-bd-spring/action/spring.py:31 parse yaml file success.
[2018-03-09 15:12:19] INFO: /home/ansible/s11t-bd-spring/action/spring.py:62 start tomcat success.
[2018-03-22 10:20:53] INFO: /home/ansible/s11t-bd-spring/action/spring.py:31 parse yaml file success.
[2018-03-22 10:20:54] WARNING: /home/ansible/s11t-bd-spring/action/spring.py:314 tomcat is not alived.
[2018-03-22 10:20:55] INFO: /home/ansible/s11t-bd-spring/action/spring.py:31 parse yaml file success.
[2018-03-22 10:20:55] INFO: /home/ansible/s11t-bd-spring/action/spring.py:62 start tomcat success.
[2018-03-22 11:14:43] INFO: /home/ansible/s11t-bd-spring/action/spring.py:31 parse yaml file success.
[2018-03-22 11:14:44] INFO: /home/ansible/s11t-bd-spring/action/spring.py:321 stop tomcat success.
[2018-03-22 11:14:44] INFO: /home/ansible/s11t-bd-spring/action/spring.py:31 parse yaml file success.
[2018-03-22 11:14:45] INFO: /home/ansible/s11t-bd-spring/action/spring.py:62 start tomcat success.
[2018-03-22 11:23:26] INFO: /home/ansible/s11t-bd-spring/action/spring.py:31 parse yaml file success.
[2018-03-22 11:23:27] INFO: /home/ansible/s11t-bd-spring/action/spring.py:321 stop tomcat success.
[2018-03-22 11:23:27] INFO: /home/ansible/s11t-bd-spring/action/spring.py:31 parse yaml file success.
[2018-03-22 11:23:28] INFO: /home/ansible/s11t-bd-spring/action/spring.py:62 start tomcat success.
[2018-03-22 15:42:23] INFO: /home/ansible/s11t-bd-spring/action/spring.py:31 parse yaml file success.
[2018-03-22 15:42:23] INFO: /home/ansible/s11t-bd-spring/action/spring.py:321 stop tomcat success.
[2018-03-22 15:42:24] INFO: /home/ansible/s11t-bd-spring/action/spring.py:31 parse yaml file success.
[2018-03-22 15:42:24] INFO: /home/ansible/s11t-bd-spring/action/spring.py:62 start tomcat success.
[2018-03-26 14:26:03] INFO: /home/ansible/s11t-bd-spring/action/spring.py:31 parse yaml file success.
[2018-03-26 14:26:04] WARNING: /home/ansible/s11t-bd-spring/action/spring.py:314 tomcat is not alived.
[2018-03-26 14:26:05] INFO: /home/ansible/s11t-bd-spring/action/spring.py:31 parse yaml file success.
[2018-03-26 14:26:05] INFO: /home/ansible/s11t-bd-spring/action/spring.py:62 start tomcat success.
[2018-03-27 15:27:52] INFO: /home/ansible/s11t-bd-spring/action/spring.py:31 parse yaml file success.
[2018-03-27 15:27:53] INFO: /home/ansible/s11t-bd-spring/action/spring.py:321 stop tomcat success.
[2018-03-27 15:27:53] INFO: /home/ansible/s11t-bd-spring/action/spring.py:31 parse yaml file success.
[2018-03-27 15:27:54] INFO: /home/ansible/s11t-bd-spring/action/spring.py:62 start tomcat success.
[2018-03-29 15:51:35] INFO: /home/ansible/s11t-bd-spring/action/spring.py:31 parse yaml file success.
[2018-03-29 15:51:36] INFO: /home/ansible/s11t-bd-spring/action/spring.py:321 stop tomcat success.
[2018-03-29 15:51:36] INFO: /home/ansible/s11t-bd-spring/action/spring.py:31 parse yaml file success.
[2018-03-29 15:51:37] INFO: /home/ansible/s11t-bd-spring/action/spring.py:62 start tomcat success.
[2018-04-04 11:51:27] INFO: /home/ansible/s11t-bd-spring/action/spring.py:31 parse yaml file success.
[2018-04-04 11:51:29] WARNING: /home/ansible/s11t-bd-spring/action/spring.py:314 tomcat is not alived.
[2018-04-04 11:51:30] INFO: /home/ansible/s11t-bd-spring/action/spring.py:31 parse yaml file success.
[2018-04-04 11:51:30] INFO: /home/ansible/s11t-bd-spring/action/spring.py:62 start tomcat success.
[2018-04-08 16:43:40] INFO: /home/ansible/s11t-bd-spring/action/spring.py:31 parse yaml file success.
[2018-04-08 16:43:41] INFO: /home/ansible/s11t-bd-spring/action/spring.py:321 stop tomcat success.
[2018-04-08 16:43:41] INFO: /home/ansible/s11t-bd-spring/action/spring.py:31 parse yaml file success.
[2018-04-08 16:43:42] INFO: /home/ansible/s11t-bd-spring/action/spring.py:62 start tomcat success.
[2018-04-09 10:05:21] INFO: /home/ansible/s11t-bd-spring/action/spring.py:31 parse yaml file success.
[2018-04-09 10:05:22] WARNING: /home/ansible/s11t-bd-spring/action/spring.py:314 tomcat is not alived.
[2018-04-09 10:05:22] INFO: /home/ansible/s11t-bd-spring/action/spring.py:31 parse yaml file success.
[2018-04-09 10:05:23] INFO: /home/ansible/s11t-bd-spring/action/spring.py:62 start tomcat success.
[2018-04-10 10:26:12] INFO: /home/ansible/s11t-bd-spring/action/spring.py:31 parse yaml file success.
[2018-04-10 10:26:13] WARNING: /home/ansible/s11t-bd-spring/action/spring.py:314 tomcat is not alived.
[2018-04-10 10:26:13] INFO: /home/ansible/s11t-bd-spring/action/spring.py:31 parse yaml file success.
[2018-04-10 10:26:14] INFO: /home/ansible/s11t-bd-spring/action/spring.py:62 start tomcat success.
[2018-04-11 11:15:44] INFO: /home/ansible/s11t-bd-spring/action/spring.py:31 parse yaml file success.
[2018-04-11 11:15:45] WARNING: /home/ansible/s11t-bd-spring/action/spring.py:314 tomcat is not alived.
[2018-04-11 11:15:46] INFO: /home/ansible/s11t-bd-spring/action/spring.py:31 parse yaml file success.
[2018-04-11 11:15:46] INFO: /home/ansible/s11t-bd-spring/action/spring.py:62 start tomcat success.
[2018-04-12 11:54:32] INFO: /home/ansible/s11t-bd-spring/action/spring.py:31 parse yaml file success.
[2018-04-12 11:54:34] WARNING: /home/ansible/s11t-bd-spring/action/spring.py:314 tomcat is not alived.
[2018-04-12 11:54:34] INFO: /home/ansible/s11t-bd-spring/action/spring.py:31 parse yaml file success.
[2018-04-12 11:54:35] INFO: /home/ansible/s11t-bd-spring/action/spring.py:62 start tomcat success.
[2018-04-13 10:46:23] INFO: /home/ansible/s11t-bd-spring/action/spring.py:31 parse yaml file success.
[2018-04-13 10:46:24] WARNING: /home/ansible/s11t-bd-spring/action/spring.py:314 tomcat is not alived.
[2018-04-13 10:46:25] INFO: /home/ansible/s11t-bd-spring/action/spring.py:31 parse yaml file success.
[2018-04-13 10:46:25] INFO: /home/ansible/s11t-bd-spring/action/spring.py:62 start tomcat success.
[2018-04-16 10:48:10] INFO: /home/ansible/s11t-bd-spring/action/spring.py:31 parse yaml file success.
[2018-04-16 10:48:12] WARNING: /home/ansible/s11t-bd-spring/action/spring.py:314 tomcat is not alived.
[2018-04-16 10:48:12] INFO: /home/ansible/s11t-bd-spring/action/spring.py:31 parse yaml file success.
[2018-04-16 10:48:13] INFO: /home/ansible/s11t-bd-spring/action/spring.py:62 start tomcat success.
[2018-04-18 10:43:59] INFO: /home/ansible/s11t-bd-spring/action/spring.py:31 parse yaml file success.
[2018-04-18 10:43:59] WARNING: /home/ansible/s11t-bd-spring/action/spring.py:314 tomcat is not alived.
[2018-04-18 10:44:00] INFO: /home/ansible/s11t-bd-spring/action/spring.py:31 parse yaml file success.
[2018-04-18 10:44:01] INFO: /home/ansible/s11t-bd-spring/action/spring.py:62 start tomcat success.
[2018-04-18 10:54:48] INFO: /home/ansible/s11t-bd-spring/action/spring.py:31 parse yaml file success.
[2018-04-18 10:54:49] INFO: /home/ansible/s11t-bd-spring/action/spring.py:321 stop tomcat success.
[2018-04-18 10:54:49] INFO: /home/ansible/s11t-bd-spring/action/spring.py:31 parse yaml file success.
[2018-04-18 10:54:50] INFO: /home/ansible/s11t-bd-spring/action/spring.py:62 start tomcat success.
[2018-04-19 09:43:44] INFO: /home/ansible/s11t-bd-spring/action/spring.py:31 parse yaml file success.
[2018-04-19 09:43:44] WARNING: /home/ansible/s11t-bd-spring/action/spring.py:314 tomcat is not alived.
[2018-04-19 09:43:45] INFO: /home/ansible/s11t-bd-spring/action/spring.py:31 parse yaml file success.
[2018-04-19 09:43:45] INFO: /home/ansible/s11t-bd-spring/action/spring.py:62 start tomcat success.
[2018-04-25 14:58:53] INFO: /home/ansible/s11t-bd-spring/action/spring.py:31 parse yaml file success.
[2018-04-25 14:58:54] INFO: /home/ansible/s11t-bd-spring/action/spring.py:321 stop tomcat success.
[2018-04-25 14:58:54] INFO: /home/ansible/s11t-bd-spring/action/spring.py:31 parse yaml file success.
[2018-04-25 14:58:55] INFO: /home/ansible/s11t-bd-spring/action/spring.py:62 start tomcat success.
[2018-04-25 15:08:51] INFO: /home/ansible/s11t-bd-spring/action/spring.py:31 parse yaml file success.
[2018-04-25 15:08:51] INFO: /home/ansible/s11t-bd-spring/action/spring.py:321 stop tomcat success.
[2018-04-25 15:08:52] INFO: /home/ansible/s11t-bd-spring/action/spring.py:31 parse yaml file success.
[2018-04-25 15:08:52] INFO: /home/ansible/s11t-bd-spring/action/spring.py:62 start tomcat success.
[2018-04-25 15:19:23] INFO: /home/ansible/s11t-bd-spring/action/spring.py:31 parse yaml file success.
[2018-04-25 15:19:23] INFO: /home/ansible/s11t-bd-spring/action/spring.py:321 stop tomcat success.
[2018-04-25 15:19:24] INFO: /home/ansible/s11t-bd-spring/action/spring.py:31 parse yaml file success.
[2018-04-25 15:19:24] INFO: /home/ansible/s11t-bd-spring/action/spring.py:62 start tomcat success.
[2018-04-25 15:44:08] INFO: /home/ansible/s11t-bd-spring/action/spring.py:31 parse yaml file success.
[2018-04-25 15:44:09] INFO: /home/ansible/s11t-bd-spring/action/spring.py:321 stop tomcat success.
[2018-04-25 15:44:10] INFO: /home/ansible/s11t-bd-spring/action/spring.py:31 parse yaml file success.
[2018-04-25 15:44:10] INFO: /home/ansible/s11t-bd-spring/action/spring.py:62 start tomcat success.
[2018-04-25 17:28:14] INFO: /home/ansible/s11t-bd-spring/action/spring.py:31 parse yaml file success.
[2018-04-25 17:28:15] INFO: /home/ansible/s11t-bd-spring/action/spring.py:321 stop tomcat success.
[2018-04-25 17:28:15] INFO: /home/ansible/s11t-bd-spring/action/spring.py:31 parse yaml file success.
[2018-04-25 17:28:16] INFO: /home/ansible/s11t-bd-spring/action/spring.py:62 start tomcat success.
[2018-04-25 18:10:16] INFO: /home/ansible/s11t-bd-spring/action/spring.py:31 parse yaml file success.
[2018-04-25 18:10:16] INFO: /home/ansible/s11t-bd-spring/action/spring.py:321 stop tomcat success.
[2018-04-25 18:10:17] INFO: /home/ansible/s11t-bd-spring/action/spring.py:31 parse yaml file success.
[2018-04-25 18:10:18] INFO: /home/ansible/s11t-bd-spring/action/spring.py:62 start tomcat success.
[2018-04-26 10:05:44] INFO: /home/ansible/s11t-bd-spring/action/spring.py:31 parse yaml file success.
[2018-04-26 10:05:45] INFO: /home/ansible/s11t-bd-spring/action/spring.py:321 stop tomcat success.
[2018-04-26 10:05:46] INFO: /home/ansible/s11t-bd-spring/action/spring.py:31 parse yaml file success.
[2018-04-26 10:05:46] INFO: /home/ansible/s11t-bd-spring/action/spring.py:62 start tomcat success.
[2018-04-26 11:24:58] INFO: /home/ansible/s11t-bd-spring/action/spring.py:31 parse yaml file success.
[2018-04-26 11:24:59] INFO: /home/ansible/s11t-bd-spring/action/spring.py:321 stop tomcat success.
[2018-04-26 11:24:59] INFO: /home/ansible/s11t-bd-spring/action/spring.py:31 parse yaml file success.
[2018-04-26 11:25:00] INFO: /home/ansible/s11t-bd-spring/action/spring.py:62 start tomcat success.
[2018-04-26 16:00:00] INFO: /home/ansible/s11t-bd-spring/action/spring.py:31 parse yaml file success.
[2018-04-26 16:00:01] INFO: /home/ansible/s11t-bd-spring/action/spring.py:321 stop tomcat success.
[2018-04-26 16:00:01] INFO: /home/ansible/s11t-bd-spring/action/spring.py:31 parse yaml file success.
[2018-04-26 16:00:02] INFO: /home/ansible/s11t-bd-spring/action/spring.py:62 start tomcat success.
[2018-05-03 10:02:55] INFO: /home/ansible/s11t-bd-spring/action/spring.py:31 parse yaml file success.
[2018-05-03 10:02:57] WARNING: /home/ansible/s11t-bd-spring/action/spring.py:314 tomcat is not alived.
[2018-05-03 10:02:57] INFO: /home/ansible/s11t-bd-spring/action/spring.py:31 parse yaml file success.
[2018-05-03 10:02:58] INFO: /home/ansible/s11t-bd-spring/action/spring.py:62 start tomcat success.
[2018-05-14 15:42:30] INFO: /home/ansible/s11t-bd-spring/action/spring.py:31 parse yaml file success.
[2018-05-14 15:42:31] INFO: /home/ansible/s11t-bd-spring/action/spring.py:321 stop tomcat success.
[2018-05-14 15:42:32] INFO: /home/ansible/s11t-bd-spring/action/spring.py:31 parse yaml file success.
[2018-05-14 15:42:32] INFO: /home/ansible/s11t-bd-spring/action/spring.py:62 start tomcat success.
[2018-05-14 18:04:05] INFO: /home/ansible/s11t-bd-spring/action/spring.py:31 parse yaml file success.
[2018-05-14 18:04:05] WARNING: /home/ansible/s11t-bd-spring/action/spring.py:314 tomcat is not alived.
[2018-05-14 18:04:06] INFO: /home/ansible/s11t-bd-spring/action/spring.py:31 parse yaml file success.
[2018-05-14 18:04:06] INFO: /home/ansible/s11t-bd-spring/action/spring.py:62 start tomcat success.
[2018-05-14 18:04:10] INFO: /home/ansible/s11t-bd-spring/action/spring.py:31 parse yaml file success.
[2018-05-14 18:04:11] INFO: /home/ansible/s11t-bd-spring/action/spring.py:321 stop tomcat success.
[2018-05-14 18:04:11] INFO: /home/ansible/s11t-bd-spring/action/spring.py:31 parse yaml file success.
[2018-05-14 18:04:12] INFO: /home/ansible/s11t-bd-spring/action/spring.py:62 start tomcat success.
[2018-05-25 14:38:01] INFO: /home/ansible/s11t-bd-spring/action/spring.py:31 parse yaml file success.
[2018-05-25 14:38:02] INFO: /home/ansible/s11t-bd-spring/action/spring.py:321 stop tomcat success.
[2018-05-25 14:38:02] INFO: /home/ansible/s11t-bd-spring/action/spring.py:31 parse yaml file success.
[2018-05-25 14:38:03] INFO: /home/ansible/s11t-bd-spring/action/spring.py:62 start tomcat success.
[2018-06-06 10:15:58] INFO: /home/ansible/s11t-bd-spring/action/spring.py:31 parse yaml file success.
[2018-06-06 10:15:59] INFO: /home/ansible/s11t-bd-spring/action/spring.py:321 stop tomcat success.
[2018-06-06 10:15:59] INFO: /home/ansible/s11t-bd-spring/action/spring.py:31 parse yaml file success.
[2018-06-06 10:16:00] INFO: /home/ansible/s11t-bd-spring/action/spring.py:62 start tomcat success.
[2018-06-13 09:21:07] INFO: /home/ansible/s11t-bd-spring/action/spring.py:31 parse yaml file success.
[2018-06-13 09:21:07] INFO: /home/ansible/s11t-bd-spring/action/spring.py:321 stop tomcat success.
[2018-06-13 09:21:08] INFO: /home/ansible/s11t-bd-spring/action/spring.py:31 parse yaml file success.
[2018-06-13 09:21:08] INFO: /home/ansible/s11t-bd-spring/action/spring.py:62 start tomcat success.
[2018-06-29 15:56:16] INFO: /home/ansible/s11t-bd-spring/action/spring.py:31 parse yaml file success.
[2018-06-29 15:56:16] INFO: /home/ansible/s11t-bd-spring/action/spring.py:321 stop tomcat success.
[2018-06-29 15:56:17] INFO: /home/ansible/s11t-bd-spring/action/spring.py:31 parse yaml file success.
[2018-06-29 15:56:18] INFO: /home/ansible/s11t-bd-spring/action/spring.py:62 start tomcat success.
[2018-06-29 16:11:29] INFO: /home/ansible/s11t-bd-spring/action/spring.py:31 parse yaml file success.
[2018-06-29 16:11:30] INFO: /home/ansible/s11t-bd-spring/action/spring.py:321 stop tomcat success.
[2018-06-29 16:11:31] INFO: /home/ansible/s11t-bd-spring/action/spring.py:31 parse yaml file success.
[2018-06-29 16:11:31] INFO: /home/ansible/s11t-bd-spring/action/spring.py:62 start tomcat success.
[2018-06-29 16:37:26] INFO: /home/ansible/s11t-bd-spring/action/spring.py:31 parse yaml file success.
[2018-06-29 16:37:26] INFO: /home/ansible/s11t-bd-spring/action/spring.py:321 stop tomcat success.
[2018-06-29 16:37:27] INFO: /home/ansible/s11t-bd-spring/action/spring.py:31 parse yaml file success.
[2018-06-29 16:37:27] INFO: /home/ansible/s11t-bd-spring/action/spring.py:62 start tomcat success.
[2018-07-02 10:35:10] INFO: /home/ansible/s11t-bd-spring/action/spring.py:31 parse yaml file success.
[2018-07-02 10:35:11] INFO: /home/ansible/s11t-bd-spring/action/spring.py:321 stop tomcat success.
[2018-07-02 10:35:12] INFO: /home/ansible/s11t-bd-spring/action/spring.py:31 parse yaml file success.
[2018-07-02 10:35:12] INFO: /home/ansible/s11t-bd-spring/action/spring.py:62 start tomcat success.
[2018-07-02 10:41:08] INFO: /home/ansible/s11t-bd-spring/action/spring.py:31 parse yaml file success.
[2018-07-02 10:41:09] INFO: /home/ansible/s11t-bd-spring/action/spring.py:321 stop tomcat success.
[2018-07-02 10:41:09] INFO: /home/ansible/s11t-bd-spring/action/spring.py:31 parse yaml file success.
[2018-07-02 10:41:10] INFO: /home/ansible/s11t-bd-spring/action/spring.py:62 start tomcat success.
[2018-07-02 15:57:06] INFO: /home/ansible/s11t-bd-spring/action/spring.py:31 parse yaml file success.
[2018-07-02 15:57:07] INFO: /home/ansible/s11t-bd-spring/action/spring.py:321 stop tomcat success.
[2018-07-02 15:57:07] INFO: /home/ansible/s11t-bd-spring/action/spring.py:31 parse yaml file success.
[2018-07-02 15:57:08] INFO: /home/ansible/s11t-bd-spring/action/spring.py:62 start tomcat success.
[2018-07-03 10:11:11] INFO: /home/ansible/s11t-bd-spring/action/spring.py:31 parse yaml file success.
[2018-07-03 10:11:12] INFO: /home/ansible/s11t-bd-spring/action/spring.py:321 stop tomcat success.
[2018-07-03 10:11:13] INFO: /home/ansible/s11t-bd-spring/action/spring.py:31 parse yaml file success.
[2018-07-03 10:11:13] INFO: /home/ansible/s11t-bd-spring/action/spring.py:62 start tomcat success.
[2018-07-03 13:51:02] INFO: /home/ansible/s11t-bd-spring/action/spring.py:31 parse yaml file success.
[2018-07-03 13:51:02] INFO: /home/ansible/s11t-bd-spring/action/spring.py:321 stop tomcat success.
[2018-07-03 13:51:03] INFO: /home/ansible/s11t-bd-spring/action/spring.py:31 parse yaml file success.
[2018-07-03 13:51:04] INFO: /home/ansible/s11t-bd-spring/action/spring.py:62 start tomcat success.
[2018-07-03 16:48:53] INFO: /home/ansible/s11t-bd-spring/action/spring.py:31 parse yaml file success.
[2018-07-03 16:48:54] INFO: /home/ansible/s11t-bd-spring/action/spring.py:321 stop tomcat success.
[2018-07-03 16:48:54] INFO: /home/ansible/s11t-bd-spring/action/spring.py:31 parse yaml file success.
[2018-07-03 16:48:55] INFO: /home/ansible/s11t-bd-spring/action/spring.py:62 start tomcat success.
[2018-07-03 17:02:25] INFO: /home/ansible/s11t-bd-spring/action/spring.py:31 parse yaml file success.
[2018-07-03 17:02:25] INFO: /home/ansible/s11t-bd-spring/action/spring.py:321 stop tomcat success.
[2018-07-03 17:02:26] INFO: /home/ansible/s11t-bd-spring/action/spring.py:31 parse yaml file success.
[2018-07-03 17:02:26] INFO: /home/ansible/s11t-bd-spring/action/spring.py:62 start tomcat success.
[2018-07-04 09:37:06] INFO: /home/ansible/s11t-bd-spring/action/spring.py:31 parse yaml file success.
[2018-07-04 09:37:06] INFO: /home/ansible/s11t-bd-spring/action/spring.py:321 stop tomcat success.
[2018-07-04 09:37:07] INFO: /home/ansible/s11t-bd-spring/action/spring.py:31 parse yaml file success.
[2018-07-04 09:37:07] INFO: /home/ansible/s11t-bd-spring/action/spring.py:62 start tomcat success.
[2018-07-04 14:32:56] INFO: /home/ansible/s11t-bd-spring/action/spring.py:31 parse yaml file success.
[2018-07-04 14:32:57] INFO: /home/ansible/s11t-bd-spring/action/spring.py:321 stop tomcat success.
[2018-07-04 14:32:57] INFO: /home/ansible/s11t-bd-spring/action/spring.py:31 parse yaml file success.
[2018-07-04 14:32:58] INFO: /home/ansible/s11t-bd-spring/action/spring.py:62 start tomcat success.
[2018-07-04 15:23:42] INFO: /home/ansible/s11t-bd-spring/action/spring.py:31 parse yaml file success.
[2018-07-04 15:23:43] INFO: /home/ansible/s11t-bd-spring/action/spring.py:321 stop tomcat success.
[2018-07-04 15:23:43] INFO: /home/ansible/s11t-bd-spring/action/spring.py:31 parse yaml file success.
[2018-07-04 15:23:44] INFO: /home/ansible/s11t-bd-spring/action/spring.py:62 start tomcat success.
[2018-07-04 16:12:23] INFO: /home/ansible/s11t-bd-spring/action/spring.py:31 parse yaml file success.
[2018-07-04 16:12:24] INFO: /home/ansible/s11t-bd-spring/action/spring.py:321 stop tomcat success.
[2018-07-04 16:12:24] INFO: /home/ansible/s11t-bd-spring/action/spring.py:31 parse yaml file success.
[2018-07-04 16:12:25] INFO: /home/ansible/s11t-bd-spring/action/spring.py:62 start tomcat success.
[2018-07-04 16:19:32] INFO: /home/ansible/s11t-bd-spring/action/spring.py:31 parse yaml file success.
[2018-07-04 16:19:33] INFO: /home/ansible/s11t-bd-spring/action/spring.py:321 stop tomcat success.
[2018-07-04 16:19:33] INFO: /home/ansible/s11t-bd-spring/action/spring.py:31 parse yaml file success.
[2018-07-04 16:19:34] INFO: /home/ansible/s11t-bd-spring/action/spring.py:62 start tomcat success.
